<?xml version="1.0" encoding="UTF-8"?>
<testsuite name="ar.fiuba.tdd.tp.gridtest.FileGridLoaderTest" tests="2" skipped="0" failures="0" errors="0" timestamp="2016-09-27T03:08:17" hostname="joni-K55A" time="0.188">
  <properties/>
  <testcase name="norrectGridLoad" classname="ar.fiuba.tdd.tp.gridtest.FileGridLoaderTest" time="0.188"/>
  <testcase name="notExistentFileThrowsExceptionTest" classname="ar.fiuba.tdd.tp.gridtest.FileGridLoaderTest" time="0.0"/>
  <system-out><![CDATA[]]></system-out>
  <system-err><![CDATA[]]></system-err>
</testsuite>
