<?xml version="1.0" encoding="UTF-8"?>
<testsuite name="ar.fiuba.tdd.tp.MainTests" tests="1" skipped="0" failures="0" errors="0" timestamp="2016-09-27T03:08:17" hostname="joni-K55A" time="0.0">
  <properties/>
  <testcase name="dummy" classname="ar.fiuba.tdd.tp.MainTests" time="0.0"/>
  <system-out><![CDATA[]]></system-out>
  <system-err><![CDATA[]]></system-err>
</testsuite>
